<?xml version="1.0" encoding="UTF-8"?>
<testsuites name="jest tests" tests="2" failures="0" errors="0" time="4.32">
  <testsuite name="VehicleHttpService" errors="0" failures="0" skipped="0" timestamp="2023-01-09T14:35:08" time="3.664" tests="2">
    <testcase classname="VehicleHttpService should create" name="VehicleHttpService should create" time="0.011">
    </testcase>
    <testcase classname="VehicleHttpService get should make an http get request and return the correct value" name="VehicleHttpService get should make an http get request and return the correct value" time="0.008">
    </testcase>
  </testsuite>
</testsuites>