<?xml version="1.0" encoding="UTF-8"?>
<testsuites name="jest tests" tests="4" failures="0" errors="0" time="4.349">
  <testsuite name="LottieAnimationComponent" errors="0" failures="0" skipped="0" timestamp="2023-01-11T01:05:41" time="3.679" tests="4">
    <testcase classname="LottieAnimationComponent should create" name="LottieAnimationComponent should create" time="0.043">
    </testcase>
    <testcase classname="LottieAnimationComponent should Host data-cy attr equals to testId input" name="LottieAnimationComponent should Host data-cy attr equals to testId input" time="0.026">
    </testcase>
    <testcase classname="LottieAnimationComponent should lottie element exist" name="LottieAnimationComponent should lottie element exist" time="0.019">
    </testcase>
    <testcase classname="LottieAnimationComponent animationOptions should animationOptions path equals to rendered animationPath input" name="LottieAnimationComponent animationOptions should animationOptions path equals to rendered animationPath input" time="0.019">
    </testcase>
  </testsuite>
</testsuites>