<?xml version="1.0" encoding="UTF-8"?>
<testsuites name="jest tests" tests="4" failures="0" errors="0" time="3.776">
  <testsuite name="ThemeService" errors="0" failures="0" skipped="0" timestamp="2023-01-06T15:35:05" time="3.198" tests="4">
    <testcase classname="ThemeService should create" name="ThemeService should create" time="0.015">
    </testcase>
    <testcase classname="ThemeService initialize should set the light theme if schema does not match" name="ThemeService initialize should set the light theme if schema does not match" time="0.007">
    </testcase>
    <testcase classname="ThemeService initialize should set the dark theme if schema matches" name="ThemeService initialize should set the dark theme if schema matches" time="0.002">
    </testcase>
    <testcase classname="ThemeService initialize should set the subject with correct value" name="ThemeService initialize should set the subject with correct value" time="0.002">
    </testcase>
  </testsuite>
</testsuites>