<?xml version="1.0" encoding="UTF-8"?>
<testsuites name="jest tests" tests="6" failures="0" errors="0" time="4.235">
  <testsuite name="VehicleService" errors="0" failures="0" skipped="0" timestamp="2023-01-09T18:27:12" time="3.573" tests="6">
    <testcase classname="VehicleService should create" name="VehicleService should create" time="0.01">
    </testcase>
    <testcase classname="VehicleService set should set all vehicle types correctly" name="VehicleService set should set all vehicle types correctly" time="0.015">
    </testcase>
    <testcase classname="VehicleService set should set all vehicle brands correctly" name="VehicleService set should set all vehicle brands correctly" time="0.004">
    </testcase>
    <testcase classname="VehicleService set should set all vehicle colors correctly" name="VehicleService set should set all vehicle colors correctly" time="0.004">
    </testcase>
    <testcase classname="VehicleService select should set the selected vehicle correctly if it exists" name="VehicleService select should set the selected vehicle correctly if it exists" time="0.01">
    </testcase>
    <testcase classname="VehicleService select should set the selected vehicle as undefined if it does not exist" name="VehicleService select should set the selected vehicle as undefined if it does not exist" time="0.005">
    </testcase>
  </testsuite>
</testsuites>