<?xml version="1.0" encoding="UTF-8"?>
<testsuites name="jest tests" tests="8" failures="0" errors="0" time="4.633">
  <testsuite name="Option" errors="0" failures="0" skipped="0" timestamp="2023-01-09T17:48:04" time="3.883" tests="8">
    <testcase classname="Option OptionComponentHost content projection should Host text content equals to content projection value" name="Option OptionComponentHost content projection should Host text content equals to content projection value" time="0.05">
    </testcase>
    <testcase classname="Option OptionComponentHost disabled should Host disabled attr does not exist if disabled input is not passed" name="Option OptionComponentHost disabled should Host disabled attr does not exist if disabled input is not passed" time="0.024">
    </testcase>
    <testcase classname="Option OptionComponentHost disabled should Host disabled attr does not exist if disabled input is false" name="Option OptionComponentHost disabled should Host disabled attr does not exist if disabled input is false" time="0.011">
    </testcase>
    <testcase classname="Option OptionComponentHost disabled should Host disabled attr exist if disabled input is true" name="Option OptionComponentHost disabled should Host disabled attr exist if disabled input is true" time="0.009">
    </testcase>
    <testcase classname="Option OptionComponentHost disabled should Host hls-option-disabled class exist if disabled input is true" name="Option OptionComponentHost disabled should Host hls-option-disabled class exist if disabled input is true" time="0.015">
    </testcase>
    <testcase classname="Option OptionComponentHost disabled should Host hls-option-disabled class does not exist if disabled input is false" name="Option OptionComponentHost disabled should Host hls-option-disabled class does not exist if disabled input is false" time="0.008">
    </testcase>
    <testcase classname="Option OptionComponent should Host color attr equals to color input" name="Option OptionComponent should Host color attr equals to color input" time="0.011">
    </testcase>
    <testcase classname="Option OptionComponent should Host data-cy attr equals to testId input" name="Option OptionComponent should Host data-cy attr equals to testId input" time="0.015">
    </testcase>
  </testsuite>
</testsuites>