<?xml version="1.0" encoding="UTF-8"?>
<testsuites name="jest tests" tests="7" failures="0" errors="0" time="4.613">
  <testsuite name="Directive: RippleDirective" errors="0" failures="0" skipped="0" timestamp="2023-01-06T16:51:28" time="3.903" tests="7">
    <testcase classname="Directive: RippleDirective should create an instance" name="Directive: RippleDirective should create an instance" time="0.05">
    </testcase>
    <testcase classname="Directive: RippleDirective should host has ripple container class" name="Directive: RippleDirective should host has ripple container class" time="0.033">
    </testcase>
    <testcase classname="Directive: RippleDirective onClick should method itself called after click" name="Directive: RippleDirective onClick should method itself called after click" time="0.022">
    </testcase>
    <testcase classname="Directive: RippleDirective onClick should host includes the element that has ripple class itself after click" name="Directive: RippleDirective onClick should host includes the element that has ripple class itself after click" time="0.011">
    </testcase>
    <testcase classname="Directive: RippleDirective onClick should host includes the element that has ripple color class after click" name="Directive: RippleDirective onClick should host includes the element that has ripple color class after click" time="0.019">
    </testcase>
    <testcase classname="Directive: RippleDirective onClick should host includes the element that has ripple speed class after click" name="Directive: RippleDirective onClick should host includes the element that has ripple speed class after click" time="0.023">
    </testcase>
    <testcase classname="Directive: RippleDirective onClick should remove old ripple element after multiple clicks" name="Directive: RippleDirective onClick should remove old ripple element after multiple clicks" time="0.027">
    </testcase>
  </testsuite>
</testsuites>